kotlin version: 2.3.0
error message: java.lang.RuntimeException: Exception while generating code for:
FUN name:rememberNavigationState visibility:public modality:FINAL returnType:com.chillilabs.core.navigation.NavigationState
  VALUE_PARAMETER kind:Regular name:startKey index:0 type:androidx.navigation3.runtime.NavKey
  VALUE_PARAMETER kind:Regular name:topLevelKeys index:1 type:kotlin.collections.Set<androidx.navigation3.runtime.NavKey>
  annotations:
    Composable
  BLOCK_BODY
    VAR name:topLevelStack type:androidx.navigation3.runtime.NavBackStack<androidx.navigation3.runtime.NavKey> [val]
      CALL 'public final fun rememberNavBackStack (vararg elements: androidx.navigation3.runtime.NavKey): androidx.navigation3.runtime.NavBackStack<androidx.navigation3.runtime.NavKey> declared in androidx.navigation3.runtime.RememberNavBackStackKt' type=androidx.navigation3.runtime.NavBackStack<androidx.navigation3.runtime.NavKey> origin=null
        ARG elements: BLOCK type=kotlin.Array<out androidx.navigation3.runtime.NavKey> origin=null
          VAR IR_TEMPORARY_VARIABLE name:tmp0 type:kotlin.Array<out androidx.navigation3.runtime.NavKey> [val]
            CALL 'public final fun arrayOfNulls <T> (size: kotlin.Int): kotlin.Array<T of kotlin.arrayOfNulls?> declared in kotlin' type=kotlin.Array<out androidx.navigation3.runtime.NavKey> origin=null
              TYPE_ARG T: androidx.navigation3.runtime.NavKey
              ARG size: CONST Int type=kotlin.Int value=1
          CALL 'public final fun set (index: kotlin.Int, value: T of kotlin.Array): kotlin.Unit [operator] declared in kotlin.Array' type=kotlin.Unit origin=null
            ARG <this>: GET_VAR 'val tmp0: kotlin.Array<out androidx.navigation3.runtime.NavKey> [val] declared in com.chillilabs.core.navigation.NavigationStateKt.rememberNavigationState' type=kotlin.Array<out androidx.navigation3.runtime.NavKey> origin=null
            ARG index: CONST Int type=kotlin.Int value=0
            ARG value: GET_VAR 'startKey: androidx.navigation3.runtime.NavKey declared in com.chillilabs.core.navigation.NavigationStateKt.rememberNavigationState' type=androidx.navigation3.runtime.NavKey origin=null
          GET_VAR 'val tmp0: kotlin.Array<out androidx.navigation3.runtime.NavKey> [val] declared in com.chillilabs.core.navigation.NavigationStateKt.rememberNavigationState' type=kotlin.Array<out androidx.navigation3.runtime.NavKey> origin=null
    VAR name:subStacks type:kotlin.collections.Map<androidx.navigation3.runtime.NavKey, androidx.navigation3.runtime.NavBackStack<androidx.navigation3.runtime.NavKey>> [val]
      CALL 'public final fun associateWith <K, V> (<this>: kotlin.collections.Iterable<K of kotlin.collections.CollectionsKt.associateWith>, valueSelector: kotlin.Function1<K of kotlin.collections.CollectionsKt.associateWith, V of kotlin.collections.CollectionsKt.associateWith>): kotlin.collections.Map<K of kotlin.collections.CollectionsKt.associateWith, V of kotlin.collections.CollectionsKt.associateWith> [inline] declared in kotlin.collections.CollectionsKt' type=kotlin.collections.Map<androidx.navigation3.runtime.NavKey, androidx.navigation3.runtime.NavBackStack<androidx.navigation3.runtime.NavKey>> origin=null
        TYPE_ARG K: androidx.navigation3.runtime.NavKey
        TYPE_ARG V: androidx.navigation3.runtime.NavBackStack<androidx.navigation3.runtime.NavKey>
        ARG <this>: GET_VAR 'topLevelKeys: kotlin.collections.Set<androidx.navigation3.runtime.NavKey> declared in com.chillilabs.core.navigation.NavigationStateKt.rememberNavigationState' type=kotlin.collections.Set<androidx.navigation3.runtime.NavKey> origin=null
        ARG valueSelector: RICH_FUNCTION_REFERENCE type=kotlin.Function1<androidx.navigation3.runtime.NavKey, androidx.navigation3.runtime.NavBackStack<androidx.navigation3.runtime.NavKey>> origin=INLINE_LAMBDA reflectionTarget='null'
          overriddenFunctionSymbol: public abstract fun invoke (p1: P1 of kotlin.Function1): R of kotlin.Function1 [operator] declared in kotlin.Function1
          invoke: FUN INLINE_LAMBDA name:rememberNavigationState$lambda$0 visibility:private modality:FINAL returnType:androidx.navigation3.runtime.NavBackStack<androidx.navigation3.runtime.NavKey>
            VALUE_PARAMETER kind:Regular name:key index:0 type:androidx.navigation3.runtime.NavKey
            BLOCK_BODY
              VAR name:$i$a$-associateWith-NavigationStateKt$rememberNavigationState$subStacks$1 type:kotlin.Int [val]
                CONST Int type=kotlin.Int value=0
              RETURN type=kotlin.Nothing from='private final fun rememberNavigationState$lambda$0 (key: androidx.navigation3.runtime.NavKey): androidx.navigation3.runtime.NavBackStack<androidx.navigation3.runtime.NavKey> declared in com.chillilabs.core.navigation.NavigationStateKt.rememberNavigationState'
                CALL 'public final fun rememberNavBackStack (vararg elements: androidx.navigation3.runtime.NavKey): androidx.navigation3.runtime.NavBackStack<androidx.navigation3.runtime.NavKey> declared in androidx.navigation3.runtime.RememberNavBackStackKt' type=androidx.navigation3.runtime.NavBackStack<androidx.navigation3.runtime.NavKey> origin=null
                  ARG elements: BLOCK type=kotlin.Array<out androidx.navigation3.runtime.NavKey> origin=null
                    VAR IR_TEMPORARY_VARIABLE name:tmp0 type:kotlin.Array<out androidx.navigation3.runtime.NavKey> [val]
                      CALL 'public final fun arrayOfNulls <T> (size: kotlin.Int): kotlin.Array<T of kotlin.arrayOfNulls?> declared in kotlin' type=kotlin.Array<out androidx.navigation3.runtime.NavKey> origin=null
                        TYPE_ARG T: androidx.navigation3.runtime.NavKey
                        ARG size: CONST Int type=kotlin.Int value=1
                    CALL 'public final fun set (index: kotlin.Int, value: T of kotlin.Array): kotlin.Unit [operator] declared in kotlin.Array' type=kotlin.Unit origin=null
                      ARG <this>: GET_VAR 'val tmp0: kotlin.Array<out androidx.navigation3.runtime.NavKey> [val] declared in com.chillilabs.core.navigation.NavigationStateKt.rememberNavigationState.rememberNavigationState$lambda$0' type=kotlin.Array<out androidx.navigation3.runtime.NavKey> origin=null
                      ARG index: CONST Int type=kotlin.Int value=0
                      ARG value: GET_VAR 'key: androidx.navigation3.runtime.NavKey declared in com.chillilabs.core.navigation.NavigationStateKt.rememberNavigationState.rememberNavigationState$lambda$0' type=androidx.navigation3.runtime.NavKey origin=null
                    GET_VAR 'val tmp0: kotlin.Array<out androidx.navigation3.runtime.NavKey> [val] declared in com.chillilabs.core.navigation.NavigationStateKt.rememberNavigationState.rememberNavigationState$lambda$0' type=kotlin.Array<out androidx.navigation3.runtime.NavKey> origin=null
    RETURN type=kotlin.Nothing from='public final fun rememberNavigationState (startKey: androidx.navigation3.runtime.NavKey, topLevelKeys: kotlin.collections.Set<androidx.navigation3.runtime.NavKey>): com.chillilabs.core.navigation.NavigationState declared in com.chillilabs.core.navigation.NavigationStateKt'
      CALL 'public final fun remember <T> (key1: kotlin.Any?, key2: kotlin.Any?, calculation: @[DisallowComposableCalls] kotlin.Function0<T of androidx.compose.runtime.ComposablesKt.remember>): T of androidx.compose.runtime.ComposablesKt.remember [inline] declared in androidx.compose.runtime.ComposablesKt' type=com.chillilabs.core.navigation.NavigationState origin=null
        TYPE_ARG T: com.chillilabs.core.navigation.NavigationState
        ARG key1: GET_VAR 'startKey: androidx.navigation3.runtime.NavKey declared in com.chillilabs.core.navigation.NavigationStateKt.rememberNavigationState' type=androidx.navigation3.runtime.NavKey origin=null
        ARG key2: GET_VAR 'topLevelKeys: kotlin.collections.Set<androidx.navigation3.runtime.NavKey> declared in com.chillilabs.core.navigation.NavigationStateKt.rememberNavigationState' type=kotlin.collections.Set<androidx.navigation3.runtime.NavKey> origin=null
        ARG calculation: RICH_FUNCTION_REFERENCE type=kotlin.Function0<com.chillilabs.core.navigation.NavigationState> origin=INLINE_LAMBDA reflectionTarget='null'
          overriddenFunctionSymbol: public abstract fun invoke (): R of kotlin.Function0 [operator] declared in kotlin.Function0
          bound $startKey: GET_VAR 'startKey: androidx.navigation3.runtime.NavKey declared in com.chillilabs.core.navigation.NavigationStateKt.rememberNavigationState' type=androidx.navigation3.runtime.NavKey origin=null
          bound $topLevelStack: GET_VAR 'val topLevelStack: androidx.navigation3.runtime.NavBackStack<androidx.navigation3.runtime.NavKey> [val] declared in com.chillilabs.core.navigation.NavigationStateKt.rememberNavigationState' type=androidx.navigation3.runtime.NavBackStack<androidx.navigation3.runtime.NavKey> origin=null
          bound $subStacks: GET_VAR 'val subStacks: kotlin.collections.Map<androidx.navigation3.runtime.NavKey, androidx.navigation3.runtime.NavBackStack<androidx.navigation3.runtime.NavKey>> [val] declared in com.chillilabs.core.navigation.NavigationStateKt.rememberNavigationState' type=kotlin.collections.Map<androidx.navigation3.runtime.NavKey, androidx.navigation3.runtime.NavBackStack<androidx.navigation3.runtime.NavKey>> origin=null
          invoke: FUN INLINE_LAMBDA name:rememberNavigationState$lambda$1 visibility:private modality:FINAL returnType:com.chillilabs.core.navigation.NavigationState
            VALUE_PARAMETER BOUND_VALUE_PARAMETER kind:Regular name:$startKey index:0 type:androidx.navigation3.runtime.NavKey
            VALUE_PARAMETER BOUND_VALUE_PARAMETER kind:Regular name:$topLevelStack index:1 type:androidx.navigation3.runtime.NavBackStack<androidx.navigation3.runtime.NavKey>
            VALUE_PARAMETER BOUND_VALUE_PARAMETER kind:Regular name:$subStacks index:2 type:kotlin.collections.Map<androidx.navigation3.runtime.NavKey, androidx.navigation3.runtime.NavBackStack<androidx.navigation3.runtime.NavKey>>
            BLOCK_BODY
              VAR name:$i$a$-remember-NavigationStateKt$rememberNavigationState$1 type:kotlin.Int [val]
                CONST Int type=kotlin.Int value=0
              RETURN type=kotlin.Nothing from='private final fun rememberNavigationState$lambda$1 ($startKey: androidx.navigation3.runtime.NavKey, $topLevelStack: androidx.navigation3.runtime.NavBackStack<androidx.navigation3.runtime.NavKey>, $subStacks: kotlin.collections.Map<androidx.navigation3.runtime.NavKey, androidx.navigation3.runtime.NavBackStack<androidx.navigation3.runtime.NavKey>>): com.chillilabs.core.navigation.NavigationState declared in com.chillilabs.core.navigation.NavigationStateKt.rememberNavigationState'
                CONSTRUCTOR_CALL 'public constructor <init> (startKey: androidx.navigation3.runtime.NavKey, topLevelStack: androidx.navigation3.runtime.NavBackStack<androidx.navigation3.runtime.NavKey>, subStacks: kotlin.collections.Map<androidx.navigation3.runtime.NavKey, androidx.navigation3.runtime.NavBackStack<androidx.navigation3.runtime.NavKey>>) [primary] declared in com.chillilabs.core.navigation.NavigationState' type=com.chillilabs.core.navigation.NavigationState origin=null
                  ARG startKey: GET_VAR '$startKey: androidx.navigation3.runtime.NavKey declared in com.chillilabs.core.navigation.NavigationStateKt.rememberNavigationState.rememberNavigationState$lambda$1' type=androidx.navigation3.runtime.NavKey origin=null
                  ARG topLevelStack: GET_VAR '$topLevelStack: androidx.navigation3.runtime.NavBackStack<androidx.navigation3.runtime.NavKey> declared in com.chillilabs.core.navigation.NavigationStateKt.rememberNavigationState.rememberNavigationState$lambda$1' type=androidx.navigation3.runtime.NavBackStack<androidx.navigation3.runtime.NavKey> origin=null
                  ARG subStacks: GET_VAR '$subStacks: kotlin.collections.Map<androidx.navigation3.runtime.NavKey, androidx.navigation3.runtime.NavBackStack<androidx.navigation3.runtime.NavKey>> declared in com.chillilabs.core.navigation.NavigationStateKt.rememberNavigationState.rememberNavigationState$lambda$1' type=kotlin.collections.Map<androidx.navigation3.runtime.NavKey, androidx.navigation3.runtime.NavBackStack<androidx.navigation3.runtime.NavKey>> origin=null

	at org.jetbrains.kotlin.backend.jvm.codegen.FunctionCodegen.generate(FunctionCodegen.kt:56)
	at org.jetbrains.kotlin.backend.jvm.codegen.FunctionCodegen.generate$default(FunctionCodegen.kt:49)
	at org.jetbrains.kotlin.backend.jvm.codegen.ClassCodegen.generateMethodNode(ClassCodegen.kt:428)
	at org.jetbrains.kotlin.backend.jvm.codegen.ClassCodegen.generateMethod(ClassCodegen.kt:445)
	at org.jetbrains.kotlin.backend.jvm.codegen.ClassCodegen.generate(ClassCodegen.kt:168)
	at org.jetbrains.kotlin.backend.jvm.JvmIrCodegenFactory.generateFile(JvmIrCodegenFactory.kt:467)
	at org.jetbrains.kotlin.backend.jvm.JvmIrCodegenFactory.invokeCodegen(JvmIrCodegenFactory.kt:433)
	at org.jetbrains.kotlin.cli.jvm.compiler.KotlinToJVMBytecodeCompiler.runCodegen$cli(KotlinToJVMBytecodeCompiler.kt:409)
	at org.jetbrains.kotlin.cli.pipeline.jvm.JvmBackendPipelinePhase.executePhase(JvmBackendPipelinePhase.kt:89)
	at org.jetbrains.kotlin.cli.pipeline.jvm.JvmBackendPipelinePhase.executePhase(JvmBackendPipelinePhase.kt:27)
	at org.jetbrains.kotlin.cli.pipeline.PipelinePhase.phaseBody(PipelinePhase.kt:68)
	at org.jetbrains.kotlin.cli.pipeline.PipelinePhase.phaseBody(PipelinePhase.kt:58)
	at org.jetbrains.kotlin.config.phaser.NamedCompilerPhase.invoke(CompilerPhase.kt:102)
	at org.jetbrains.kotlin.backend.common.phaser.CompositePhase.invoke(PhaseBuilders.kt:22)
	at org.jetbrains.kotlin.config.phaser.CompilerPhaseKt.invokeToplevel(CompilerPhase.kt:53)
	at org.jetbrains.kotlin.cli.pipeline.AbstractCliPipeline.runPhasedPipeline(AbstractCliPipeline.kt:109)
	at org.jetbrains.kotlin.cli.pipeline.AbstractCliPipeline.execute(AbstractCliPipeline.kt:68)
	at org.jetbrains.kotlin.cli.jvm.K2JVMCompiler.doExecutePhased(K2JVMCompiler.kt:51)
	at org.jetbrains.kotlin.cli.jvm.K2JVMCompiler.doExecutePhased(K2JVMCompiler.kt:42)
	at org.jetbrains.kotlin.cli.common.CLICompiler.execImpl(CLICompiler.kt:89)
	at org.jetbrains.kotlin.cli.common.CLICompiler.exec(CLICompiler.kt:359)
	at org.jetbrains.kotlin.incremental.IncrementalJvmCompilerRunnerBase.runCompiler(IncrementalJvmCompilerRunnerBase.kt:178)
	at org.jetbrains.kotlin.incremental.IncrementalJvmCompilerRunnerBase.runCompiler(IncrementalJvmCompilerRunnerBase.kt:40)
	at org.jetbrains.kotlin.incremental.IncrementalCompilerRunner.doCompile(IncrementalCompilerRunner.kt:504)
	at org.jetbrains.kotlin.incremental.IncrementalCompilerRunner.compileImpl(IncrementalCompilerRunner.kt:418)
	at org.jetbrains.kotlin.incremental.IncrementalCompilerRunner.compileNonIncrementally(IncrementalCompilerRunner.kt:301)
	at org.jetbrains.kotlin.incremental.IncrementalCompilerRunner.compile(IncrementalCompilerRunner.kt:128)
	at org.jetbrains.kotlin.daemon.CompileServiceImplBase.execIncrementalCompiler(CompileServiceImpl.kt:684)
	at org.jetbrains.kotlin.daemon.CompileServiceImplBase.access$execIncrementalCompiler(CompileServiceImpl.kt:94)
	at org.jetbrains.kotlin.daemon.CompileServiceImpl.compile(CompileServiceImpl.kt:1810)
	at java.base/jdk.internal.reflect.DirectMethodHandleAccessor.invoke(Unknown Source)
	at java.base/java.lang.reflect.Method.invoke(Unknown Source)
	at java.rmi/sun.rmi.server.UnicastServerRef.dispatch(Unknown Source)
	at java.rmi/sun.rmi.transport.Transport$1.run(Unknown Source)
	at java.rmi/sun.rmi.transport.Transport$1.run(Unknown Source)
	at java.base/java.security.AccessController.doPrivileged(Unknown Source)
	at java.rmi/sun.rmi.transport.Transport.serviceCall(Unknown Source)
	at java.rmi/sun.rmi.transport.tcp.TCPTransport.handleMessages(Unknown Source)
	at java.rmi/sun.rmi.transport.tcp.TCPTransport$ConnectionHandler.run0(Unknown Source)
	at java.rmi/sun.rmi.transport.tcp.TCPTransport$ConnectionHandler.lambda$run$0(Unknown Source)
	at java.base/java.security.AccessController.doPrivileged(Unknown Source)
	at java.rmi/sun.rmi.transport.tcp.TCPTransport$ConnectionHandler.run(Unknown Source)
	at java.base/java.util.concurrent.ThreadPoolExecutor.runWorker(Unknown Source)
	at java.base/java.util.concurrent.ThreadPoolExecutor$Worker.run(Unknown Source)
	at java.base/java.lang.Thread.run(Unknown Source)
Caused by: org.jetbrains.kotlin.codegen.CompilationException: Back-end (JVM) Internal error: Couldn't inline method call: CALL 'public final fun remember <T> (key1: kotlin.Any?, key2: kotlin.Any?, calculation: @[DisallowComposableCalls] kotlin.Function0<T of androidx.compose.runtime.ComposablesKt.remember>): T of androidx.compose.runtime.ComposablesKt.remember [inline] declared in androidx.compose.runtime.ComposablesKt' type=com.chillilabs.core.navigation.NavigationState origin=null
Method: null
File is unknown
The root cause java.lang.IllegalStateException was thrown at: org.jetbrains.kotlin.codegen.inline.SourceCompilerForInlineKt.getMethodNode(SourceCompilerForInline.kt:129)
	at org.jetbrains.kotlin.backend.jvm.codegen.IrInlineCodegen.genInlineCall(IrInlineCodegen.kt:81)
	at org.jetbrains.kotlin.backend.jvm.codegen.IrInlineCallGenerator.genCall(IrInlineCallGenerator.kt:36)
	at org.jetbrains.kotlin.backend.jvm.codegen.ExpressionCodegen.visitCall(ExpressionCodegen.kt:554)
	at org.jetbrains.kotlin.backend.jvm.codegen.ExpressionCodegen.visitCall(ExpressionCodegen.kt:138)
	at org.jetbrains.kotlin.ir.expressions.IrCall.accept(IrCall.kt:24)
	at org.jetbrains.kotlin.backend.jvm.codegen.ExpressionCodegen.visitReturn(ExpressionCodegen.kt:960)
	at org.jetbrains.kotlin.backend.jvm.codegen.ExpressionCodegen.visitReturn(ExpressionCodegen.kt:138)
	at org.jetbrains.kotlin.ir.expressions.IrReturn.accept(IrReturn.kt:24)
	at org.jetbrains.kotlin.backend.jvm.codegen.ExpressionCodegen.visitStatementContainer(ExpressionCodegen.kt:489)
	at org.jetbrains.kotlin.backend.jvm.codegen.ExpressionCodegen.visitBlockBody(ExpressionCodegen.kt:494)
	at org.jetbrains.kotlin.backend.jvm.codegen.ExpressionCodegen.visitBlockBody(ExpressionCodegen.kt:138)
	at org.jetbrains.kotlin.ir.expressions.IrBlockBody.accept(IrBlockBody.kt:20)
	at org.jetbrains.kotlin.backend.jvm.codegen.ExpressionCodegen.generate(ExpressionCodegen.kt:231)
	at org.jetbrains.kotlin.backend.jvm.codegen.FunctionCodegen.doGenerate(FunctionCodegen.kt:132)
	at org.jetbrains.kotlin.backend.jvm.codegen.FunctionCodegen.generate(FunctionCodegen.kt:53)
	... 44 more
Caused by: java.lang.IllegalStateException: couldn't find inline method Landroidx/compose/runtime/ComposablesKt;.remember(Ljava/lang/Object;Ljava/lang/Object;Lkotlin/jvm/functions/Function0;)Ljava/lang/Object;
	at org.jetbrains.kotlin.codegen.inline.SourceCompilerForInlineKt.getMethodNode(SourceCompilerForInline.kt:129)
	at org.jetbrains.kotlin.codegen.inline.SourceCompilerForInlineKt.loadCompiledInlineFunction$lambda$0(SourceCompilerForInline.kt:98)
	at org.jetbrains.kotlin.codegen.inline.InlineCache.computeMethodBytes(InlineCache.kt:90)
	at org.jetbrains.kotlin.codegen.inline.SourceCompilerForInlineKt.loadCompiledInlineFunction(SourceCompilerForInline.kt:93)
	at org.jetbrains.kotlin.backend.jvm.codegen.IrSourceCompilerForInline.compileInlineFunction(IrSourceCompilerForInline.kt:96)
	at org.jetbrains.kotlin.backend.jvm.codegen.IrInlineCodegen.genInlineCall(IrInlineCodegen.kt:64)
	... 58 more


